<?xml version="1.0" encoding="UTF-8"?>
<testsuite name="SavingAccountTest" tests="3" skipped="0" failures="0" errors="0" timestamp="2022-10-12T08:32:03" hostname="MacBook-Pro-2.local" time="0.002">
  <properties/>
  <testcase name="setAndGetInterestsTest" classname="SavingAccountTest" time="0.001"/>
  <testcase name="interestComputationTest" classname="SavingAccountTest" time="0.0"/>
  <testcase name="depositAndWithDrawTest" classname="SavingAccountTest" time="0.0"/>
  <system-out><![CDATA[]]></system-out>
  <system-err><![CDATA[]]></system-err>
</testsuite>
